
> second-brain@0.1.0 build
> next build

▲ Next.js 16.1.6 (Turbopack)
- Environments: .env.local

  Creating an optimized production build ...
✓ Compiled successfully in 14.3s
  Running TypeScript ...
  Collecting page data using 7 workers ...
  Generating static pages using 7 workers (0/8) ...
  Generating static pages using 7 workers (2/8) 
  Generating static pages using 7 workers (4/8) 
  Generating static pages using 7 workers (6/8) 
✓ Generating static pages using 7 workers (8/8) in 1359.2ms
  Finalizing page optimization ...

Route (app)
┌ ○ /
├ ○ /_not-found
├ ƒ /api/generate-letter
├ ○ /calculator
├ ○ /credit-repair
└ ○ /experian

npm notice

○  (Static)   prerendered as static content
npm notice New minor version of npm available! 11.6.2 -> 11.9.0
ƒ  (Dynamic)  server-rendered on demand
npm notice Changelog: https://github.com/npm/cli/releases/tag/v11.9.0

npm notice To update run: npm install -g npm@11.9.0
npm notice
